2026-05-20T10:02:57Z INF Thank you for trying Cloudflare Tunnel. Doing so, without a Cloudflare account, is a quick way to experiment and try it out. However, be aware that these account-less Tunnels have no uptime guarantee, are subject to the Cloudflare Online Services Terms of Use (https://www.cloudflare.com/website-terms/), and Cloudflare reserves the right to investigate your use of Tunnels for violations of such terms. If you intend to use Tunnels in production you should use a pre-created named tunnel by following: https://developers.cloudflare.com/cloudflare-one/connections/connect-apps
2026-05-20T10:02:57Z INF Requesting new quick Tunnel on trycloudflare.com...
2026-05-20T10:03:01Z INF +--------------------------------------------------------------------------------------------+
2026-05-20T10:03:01Z INF |  Your quick Tunnel has been created! Visit it at (it may take some time to be reachable):  |
2026-05-20T10:03:01Z INF |  https://suggest-singing-bones-introduced.trycloudflare.com                                |
2026-05-20T10:03:01Z INF +--------------------------------------------------------------------------------------------+
2026-05-20T10:03:01Z INF Cannot determine default configuration path. No file [config.yml config.yaml] in [~/.cloudflared ~/.cloudflare-warp ~/cloudflare-warp]
2026-05-20T10:03:01Z INF Version 2026.3.0 (Checksum fbf38da9751c5be0606d1f12b1388fcfc0c02dbda275cefc3477caccf7eed919)
2026-05-20T10:03:01Z INF GOOS: windows, GOVersion: go1.24.13, GoArch: amd64
2026-05-20T10:03:01Z INF Settings: map[ha-connections:1 no-autoupdate:true p:http2 protocol:http2 url:http://localhost:8080]
2026-05-20T10:03:01Z INF cloudflared will not automatically update on Windows systems.
2026-05-20T10:03:01Z INF Generated Connector ID: a48cad7b-4c71-40c9-b4dc-bb53beda687d
2026-05-20T10:03:01Z INF Initial protocol http2
2026-05-20T10:03:01Z INF ICMP proxy will use 10.25.30.10 as source for IPv4
2026-05-20T10:03:01Z INF ICMP proxy will use fe80::4534:f8fd:c966:a630 in zone Ethernet 2 as source for IPv6
2026-05-20T10:03:01Z INF cloudflared does not support loading the system root certificate pool on Windows. Please use --origin-ca-pool <PATH> to specify the path to the certificate pool
2026-05-20T10:03:01Z INF ICMP proxy will use 10.25.30.10 as source for IPv4
2026-05-20T10:03:02Z INF ICMP proxy will use fe80::4534:f8fd:c966:a630 in zone Ethernet 2 as source for IPv6
2026-05-20T10:03:02Z INF Starting metrics server on 127.0.0.1:20241/metrics
2026-05-20T10:03:02Z INF Registered tunnel connection connIndex=0 connection=b0c3beb2-9b14-4b14-bb59-51c73e2d370a event=0 ip=198.41.192.47 location=ams21 protocol=http2
2026-05-20T14:18:08Z ERR Failed to refresh DNS local resolver error="lookup region1.v2.argotunnel.com: i/o timeout"
